{"uid":"a5c45c78b11f09b5","name":"Hootel Login","fullName":"test.test_hootel.TestHootel#test_login","historyId":"1c574e300f01ee8dbb888f7ace0438ff","time":{"start":1708627983353,"stop":1708627988464,"duration":5111},"description":"A belépés tesztelése","descriptionHtml":"<p>A belépés tesztelése</p>\n","status":"broken","statusMessage":"selenium.common.exceptions.TimeoutException: Message: \nStacktrace:\n#0 0x56475a103303 <unknown>\n#1 0x564759de82b7 <unknown>\n#2 0x564759e33cc0 <unknown>\n#3 0x564759e33db1 <unknown>\n#4 0x564759e77b44 <unknown>\n#5 0x564759e563ad <unknown>\n#6 0x564759e7507c <unknown>\n#7 0x564759e56123 <unknown>\n#8 0x564759e26095 <unknown>\n#9 0x564759e2709e <unknown>\n#10 0x56475a0c76ab <unknown>\n#11 0x56475a0cb4ba <unknown>\n#12 0x56475a0b3f85 <unknown>\n#13 0x56475a0cc12f <unknown>\n#14 0x56475a097e6f <unknown>\n#15 0x56475a0f05f8 <unknown>\n#16 0x56475a0f07c2 <unknown>\n#17 0x56475a1024a4 <unknown>\n#18 0x7f3d90e94ac3 <unknown>","statusTrace":"self = <test_hootel.TestHootel object at 0x7f83defdf550>\n\n    @allure.title(\"Hootel Login\")\n    @allure.description(\"A belépés tesztelése\")\n    @allure.severity(allure.severity_level.TRIVIAL)\n    @allure.tag(\"login\")\n    def test_login(self):\n>       menu_btn = WebDriverWait(self.browser, 5).until(EC.element_to_be_clickable((By.XPATH, '//button[@class=\"navbar-toggler\"]')))\n\ntest/test_hootel.py:29: \n_ _ _ _ _ _ _ _ _ _ _ _ _ _ _ _ _ _ _ _ _ _ _ _ _ _ _ _ _ _ _ _ _ _ _ _ _ _ _ _ \n\nself = <selenium.webdriver.support.wait.WebDriverWait (session=\"9e96a9b455f9f118571a32f3e44730b3\")>\nmethod = <function element_to_be_clickable.<locals>._predicate at 0x7f83df383250>\nmessage = ''\n\n    def until(self, method: Callable[[D], Union[Literal[False], T]], message: str = \"\") -> T:\n        \"\"\"Calls the method provided with the driver as an argument until the \\\n        return value does not evaluate to ``False``.\n    \n        :param method: callable(WebDriver)\n        :param message: optional message for :exc:`TimeoutException`\n        :returns: the result of the last call to `method`\n        :raises: :exc:`selenium.common.exceptions.TimeoutException` if timeout occurs\n        \"\"\"\n        screen = None\n        stacktrace = None\n    \n        end_time = time.monotonic() + self._timeout\n        while True:\n            try:\n                value = method(self._driver)\n                if value:\n                    return value\n            except self._ignored_exceptions as exc:\n                screen = getattr(exc, \"screen\", None)\n                stacktrace = getattr(exc, \"stacktrace\", None)\n            time.sleep(self._poll)\n            if time.monotonic() > end_time:\n                break\n>       raise TimeoutException(message, screen, stacktrace)\nE       selenium.common.exceptions.TimeoutException: Message: \nE       Stacktrace:\nE       #0 0x56475a103303 <unknown>\nE       #1 0x564759de82b7 <unknown>\nE       #2 0x564759e33cc0 <unknown>\nE       #3 0x564759e33db1 <unknown>\nE       #4 0x564759e77b44 <unknown>\nE       #5 0x564759e563ad <unknown>\nE       #6 0x564759e7507c <unknown>\nE       #7 0x564759e56123 <unknown>\nE       #8 0x564759e26095 <unknown>\nE       #9 0x564759e2709e <unknown>\nE       #10 0x56475a0c76ab <unknown>\nE       #11 0x56475a0cb4ba <unknown>\nE       #12 0x56475a0b3f85 <unknown>\nE       #13 0x56475a0cc12f <unknown>\nE       #14 0x56475a097e6f <unknown>\nE       #15 0x56475a0f05f8 <unknown>\nE       #16 0x56475a0f07c2 <unknown>\nE       #17 0x56475a1024a4 <unknown>\nE       #18 0x7f3d90e94ac3 <unknown>\n\n/opt/hostedtoolcache/Python/3.10.13/x64/lib/python3.10/site-packages/selenium/webdriver/support/wait.py:105: TimeoutException","flaky":false,"newFailed":false,"newBroken":false,"newPassed":false,"retriesCount":0,"retriesStatusChange":false,"beforeStages":[{"name":"_xunit_setup_method_fixture_TestHootel","time":{"start":1708627974681,"stop":1708627983353,"duration":8672},"status":"passed","steps":[],"attachments":[],"parameters":[],"shouldDisplayMessage":false,"stepsCount":0,"attachmentsCount":0,"hasContent":false,"attachmentStep":false}],"afterStages":[{"name":"_xunit_setup_method_fixture_TestHootel::0","time":{"start":1708627988494,"stop":1708627988551,"duration":57},"status":"passed","steps":[],"attachments":[],"parameters":[],"shouldDisplayMessage":false,"stepsCount":0,"attachmentsCount":0,"hasContent":false,"attachmentStep":false}],"labels":[{"name":"severity","value":"trivial"},{"name":"tag","value":"login"},{"name":"parentSuite","value":"test"},{"name":"suite","value":"test_hootel"},{"name":"subSuite","value":"TestHootel"},{"name":"host","value":"fv-az520-492"},{"name":"thread","value":"2466-MainThread"},{"name":"framework","value":"pytest"},{"name":"language","value":"cpython3"},{"name":"package","value":"test.test_hootel"},{"name":"resultFormat","value":"allure2"}],"parameters":[],"links":[],"hidden":false,"retry":false,"extra":{"severity":"trivial","retries":[],"categories":[{"name":"Test defects","matchedStatuses":[],"flaky":false}],"tags":["login"]},"source":"a5c45c78b11f09b5.json","parameterValues":[]}